# JRE version: Java(TM) SE Runtime Environment 18.9 (11.0.12+8) (build 11.0.12+8-LTS-237)
# Java VM: Java HotSpot(TM) 64-Bit Server VM 18.9 (11.0.12+8-LTS-237, mixed mode, tiered, compressed oops, g1 gc, windows-amd64)
Heap:
 garbage-first heap   total 65536K, used 12919K [0x00000000c1a00000, 0x0000000100000000)
  region size 1024K, 9 young (9216K), 2 survivors (2048K)
 Metaspace       used 24951K, capacity 25616K, committed 25776K, reserved 1073152K
  class space    used 2708K, capacity 2992K, committed 3072K, reserved 1048576K
GC Heap History (10 events):
Event: 5.542 GC heap before
{Heap before GC invocations=1 (full 0):
 garbage-first heap   total 65536K, used 9059K [0x00000000c1a00000, 0x0000000100000000)
  region size 1024K, 8 young (8192K), 2 survivors (2048K)
 Metaspace       used 15726K, capacity 16105K, committed 16256K, reserved 1062912K
  class space    used 1641K, capacity 1802K, committed 1920K, reserved 1048576K
}
Event: 5.556 GC heap after
{Heap after GC invocations=2 (full 0):
 garbage-first heap   total 65536K, used 3537K [0x00000000c1a00000, 0x0000000100000000)
  region size 1024K, 1 young (1024K), 1 survivors (1024K)
 Metaspace       used 15726K, capacity 16105K, committed 16256K, reserved 1062912K
  class space    used 1641K, capacity 1802K, committed 1920K, reserved 1048576K
}
Event: 8.858 GC heap before
{Heap before GC invocations=2 (full 0):
 garbage-first heap   total 65536K, used 18897K [0x00000000c1a00000, 0x0000000100000000)
  region size 1024K, 17 young (17408K), 1 survivors (1024K)
 Metaspace       used 20745K, capacity 21242K, committed 21296K, reserved 1069056K
  class space    used 2252K, capacity 2432K, committed 2432K, reserved 1048576K
}
Event: 8.873 GC heap after
{Heap after GC invocations=3 (full 0):
 garbage-first heap   total 65536K, used 5599K [0x00000000c1a00000, 0x0000000100000000)
  region size 1024K, 3 young (3072K), 3 survivors (3072K)
 Metaspace       used 20745K, capacity 21242K, committed 21296K, reserved 1069056K
  class space    used 2252K, capacity 2432K, committed 2432K, reserved 1048576K
}
Event: 74.596 GC heap before
{Heap before GC invocations=4 (full 0):
 garbage-first heap   total 65536K, used 29151K [0x00000000c1a00000, 0x0000000100000000)
  region size 1024K, 26 young (26624K), 3 survivors (3072K)
 Metaspace       used 23697K, capacity 24404K, committed 24624K, reserved 1071104K
  class space    used 2619K, capacity 2897K, committed 2944K, reserved 1048576K
}
Event: 74.604 GC heap after
{Heap after GC invocations=5 (full 0):
 garbage-first heap   total 65536K, used 6489K [0x00000000c1a00000, 0x0000000100000000)
  region size 1024K, 1 young (1024K), 1 survivors (1024K)
 Metaspace       used 23697K, capacity 24404K, committed 24624K, reserved 1071104K
  class space    used 2619K, capacity 2897K, committed 2944K, reserved 1048576K
}
Event: 174.116 GC heap before
{Heap before GC invocations=5 (full 0):
 garbage-first heap   total 65536K, used 34137K [0x00000000c1a00000, 0x0000000100000000)
  region size 1024K, 28 young (28672K), 1 survivors (1024K)
 Metaspace       used 23937K, capacity 24614K, committed 24880K, reserved 1071104K
  class space    used 2623K, capacity 2897K, committed 2944K, reserved 1048576K
}
Event: 174.120 GC heap after
{Heap after GC invocations=6 (full 0):
 garbage-first heap   total 65536K, used 6668K [0x00000000c1a00000, 0x0000000100000000)
  region size 1024K, 2 young (2048K), 2 survivors (2048K)
 Metaspace       used 23937K, capacity 24614K, committed 24880K, reserved 1071104K
  class space    used 2623K, capacity 2897K, committed 2944K, reserved 1048576K
}
Event: 253.156 GC heap before
{Heap before GC invocations=6 (full 0):
 garbage-first heap   total 65536K, used 37388K [0x00000000c1a00000, 0x0000000100000000)
  region size 1024K, 32 young (32768K), 2 survivors (2048K)
 Metaspace       used 24117K, capacity 24821K, committed 24880K, reserved 1071104K
  class space    used 2624K, capacity 2898K, committed 2944K, reserved 1048576K
}
Event: 253.160 GC heap after
{Heap after GC invocations=7 (full 0):
 garbage-first heap   total 65536K, used 6775K [0x00000000c1a00000, 0x0000000100000000)
  region size 1024K, 2 young (2048K), 2 survivors (2048K)
 Metaspace       used 24117K, capacity 24821K, committed 24880K, reserved 1071104K
  class space    used 2624K, capacity 2898K, committed 2944K, reserved 1048576K
}

