<?xml version="1.0" encoding="UTF-8"?>
<!-- Generated by org.testng.reporters.JUnitXMLReporter -->
<testsuite ignored="0" hostname="DESKTOP-43PHNFL" failures="0" tests="2" name="Default test" time="255.38" errors="0" timestamp="2022-01-24T17:07:56 GMT-05:00">
  <testcase classname="com.learning.selenium.Testcases.BirthdayOrder" name="birthdayOrder" time="121.825"/>
  <testcase classname="com.learning.selenium.Testcases.BirthdayOrder" name="sundayOrder" time="133.316"/>
</testsuite> <!-- Default test -->
