<?xml version="1.0" encoding="UTF-8"?>
<testng-results ignored="0" total="2" passed="2" failed="0" skipped="0">
  <reporter-output>
  </reporter-output>
  <suite started-at="2022-01-24T17:03:39 GMT-05:00" name="Default suite" finished-at="2022-01-24T17:07:54 GMT-05:00" duration-ms="255380">
    <groups>
    </groups>
    <test started-at="2022-01-24T17:03:39 GMT-05:00" name="Default test" finished-at="2022-01-24T17:07:54 GMT-05:00" duration-ms="255380">
      <class name="com.learning.selenium.Testcases.BirthdayOrder">
        <test-method signature="birthdayOrder()[pri:0, instance:com.learning.selenium.Testcases.BirthdayOrder@6b8ca3c8]" started-at="2022-01-24T17:03:39 GMT-05:00" name="birthdayOrder" finished-at="2022-01-24T17:05:41 GMT-05:00" duration-ms="121825" status="PASS">
          <reporter-output>
          </reporter-output>
        </test-method> <!-- birthdayOrder -->
        <test-method signature="sundayOrder()[pri:0, instance:com.learning.selenium.Testcases.BirthdayOrder@6b8ca3c8]" started-at="2022-01-24T17:05:41 GMT-05:00" name="sundayOrder" finished-at="2022-01-24T17:07:54 GMT-05:00" duration-ms="133316" status="PASS">
          <reporter-output>
          </reporter-output>
        </test-method> <!-- sundayOrder -->
      </class> <!-- com.learning.selenium.Testcases.BirthdayOrder -->
    </test> <!-- Default test -->
  </suite> <!-- Default suite -->
</testng-results>
